Config:
{'lr': 0.0001, 'data_dir': '/mnt/e/data/TC-Diffusion/processed_data_noise_traj_inten_wind_gph_env', 'diffnet': 'TransformerConcatLinear', 'encoder_dim': 256, 'context_dim': 256, 'tf_layer': 3, 'epochs': 250, 'batch_size': 128, 'eval_batch_size': 256, 'seed': 123, 'eval_every': 10, 'eval_at': 30, 'eval_mode': False, 'sampling': 'ddpm', 'conf': 'None', 'debug': False, 'preprocess_workers': 0, 'offline_scene_graph': True, 'dynamic_edges': True, 'edge_state_combine_method': 'sum', 'edge_influence_combine_method': 'attention', 'edge_addition_filter': [0.25, 0.5, 0.75, 1.0], 'edge_removal_filter': [1.0, 0.0], 'override_attention_radius': [], 'incl_robot_node': False, 'map_encoding': False, 'augment': True, 'node_freq_mult_train': False, 'node_freq_mult_eval': False, 'scene_freq_mult_train': False, 'scene_freq_mult_eval': False, 'scene_freq_mult_viz': False, 'no_edge_encoding': False, 'device': 'cuda:1', 'eval_device': 'None', 'config': 'configs/baseline.yaml', 'train_dataset': 'WP', 'eval_dataset': 'WP', 'exp_name': 'WP_GRU_ConvNeXt_AdaLN_DiT_loss_1125'}


Eval on:
WP


Best of 20: Epoch 10 ADE: 0.9016664623343198 FDE: 1.1201269913569476
Best of 20: Epoch 20 ADE: 0.9134023122857285 FDE: 1.1408610131783208
Best of 20: Epoch 30 ADE: 0.9104891414604109 FDE: 1.1216630753422705
Best of 20: Epoch 40 ADE: 0.9124467902168643 FDE: 1.1345386069910506
Best of 20: Epoch 50 ADE: 0.9106238888106858 FDE: 1.1271744538094866
Best of 20: Epoch 60 ADE: 0.9107073525524264 FDE: 1.124804089845905
Best of 20: Epoch 70 ADE: 0.911364845688336 FDE: 1.1354837698550164
Best of 20: Epoch 80 ADE: 0.9075418063356966 FDE: 1.1291541616175038
Best of 20: Epoch 90 ADE: 0.9139106050322342 FDE: 1.1375043214594673
Best of 20: Epoch 100 ADE: 0.9093063369972111 FDE: 1.1326918411277414
Best of 20: Epoch 110 ADE: 0.9073850097304896 FDE: 1.125566294450009
Best of 20: Epoch 120 ADE: 0.9096784433590568 FDE: 1.1314555329767952
Best of 20: Epoch 130 ADE: 0.9129348145235221 FDE: 1.1423043948503353
Best of 20: Epoch 140 ADE: 0.9117227022196933 FDE: 1.1340236088785343
Best of 20: Epoch 150 ADE: 0.9097807671241803 FDE: 1.1224091558371811
Best of 20: Epoch 160 ADE: 0.9132071125386892 FDE: 1.141542416357588
Best of 20: Epoch 170 ADE: 0.900347978468183 FDE: 1.1152820167776354
Best of 20: Epoch 180 ADE: 0.9053904687378211 FDE: 1.123488487875399
Best of 20: Epoch 190 ADE: 0.9143289923161525 FDE: 1.1313426499742556
Best of 20: Epoch 200 ADE: 0.9031769990840804 FDE: 1.1235043501883648
Best of 20: Epoch 210 ADE: 0.9108806061142048 FDE: 1.1282078924818046
Best of 20: Epoch 220 ADE: 0.91252214820371 FDE: 1.1237639599507665
Best of 20: Epoch 230 ADE: 0.9067951397815769 FDE: 1.1280866623994328
Best of 20: Epoch 240 ADE: 0.9201630845204358 FDE: 1.141318517927343
Best of 20: Epoch 250 ADE: 0.9000397546755271 FDE: 1.1124503653298872
